This is pdfTeXk, Version 3.141592-1.40.3 (Web2C 7.5.6) (format=pdflatex 2008.5.8)  21 FEB 2011 14:11
entering extended mode
 file:line:error style messages enabled.
**wl_hh_benford.tex
(./wl_hh_benford.tex
LaTeX2e <2005/12/01>
Babel <v3.8h> and hyphenation patterns for english, usenglishmax, dumylang, noh
yphenation, arabic, basque, bulgarian, coptic, welsh, czech, slovak, german, ng
erman, danish, esperanto, spanish, catalan, galician, estonian, farsi, finnish,
 french, greek, monogreek, ancientgreek, croatian, hungarian, interlingua, ibyc
us, indonesian, icelandic, italian, latin, mongolian, dutch, norsk, polish, por
tuguese, pinyin, romanian, russian, slovenian, uppersorbian, serbian, swedish, 
turkish, ukenglish, ukrainian, loaded.
(/usr/local/gwTeX/texmf.texlive/tex/latex/beamer/beamer.cls
(/usr/local/gwTeX/texmf.texlive/tex/latex/beamer/beamerbasercs.sty
Package: beamerbasercs 2007/01/28 (rcs-revision 1.4)
)
Document Class: beamer 2007/03/11 cvs version 3.07 A class for typesetting pres
entations (rcs-revision 1.70)
(/usr/local/gwTeX/texmf.texlive/tex/latex/beamer/beamerbasemodes.sty
Package: beamerbasemodes 2007/01/28 (rcs-revision 1.22)
\beamer@tempbox=\box26
\beamer@tempcount=\count79
\c@beamerpauses=\count80

(/usr/local/gwTeX/texmf.texlive/tex/latex/beamer/beamerbasedecode.sty
Package: beamerbasedecode 2007/01/28 (rcs-revision 1.20)
\beamer@slideinframe=\count81
\beamer@minimum=\count82
)
\beamer@commentbox=\box27
\beamer@modecount=\count83
)
\headheight=\dimen102
\headdp=\dimen103
\footheight=\dimen104
\sidebarheight=\dimen105
\beamer@tempdim=\dimen106
\beamer@finalheight=\dimen107
\beamer@animht=\dimen108
\beamer@animdp=\dimen109
\beamer@animwd=\dimen110
\beamer@leftmargin=\dimen111
\beamer@rightmargin=\dimen112
\beamer@leftsidebar=\dimen113
\beamer@rightsidebar=\dimen114
\beamer@boxsize=\dimen115
\beamer@vboxoffset=\dimen116
\beamer@descdefault=\dimen117
\beamer@descriptionwidth=\dimen118
\beamer@lastskip=\skip41
\beamer@areabox=\box28
\beamer@animcurrent=\box29
\beamer@animshowbox=\box30
\beamer@sectionbox=\box31
\beamer@logobox=\box32
\beamer@linebox=\box33
\beamer@sectioncount=\count84
\beamer@subsubsectionmax=\count85
\beamer@subsectionmax=\count86
\beamer@sectionmax=\count87
\beamer@totalheads=\count88
\beamer@headcounter=\count89
\beamer@partstartpage=\count90
\beamer@sectionstartpage=\count91
\beamer@subsectionstartpage=\count92
\beamer@animationtempa=\count93
\beamer@animationtempb=\count94
\beamer@xpos=\count95
\beamer@ypos=\count96
\beamer@showpartnumber=\count97
\beamer@currentsubsection=\count98
\beamer@coveringdepth=\count99
\beamer@sectionadjust=\count100
\beamer@tocsectionnumber=\count101

(/usr/local/gwTeX/texmf.texlive/tex/latex/beamer/beamerbaseoptions.sty
Package: beamerbaseoptions 2007/01/28 (rcs-revision 1.8)

(/usr/local/gwTeX/texmf.texlive/tex/latex/graphics/keyval.sty
Package: keyval 1999/03/16 v1.13 key=value parser (DPC)
\KV@toks@=\toks14
))
(/usr/local/gwTeX/texmf.texlive/tex/latex/pgf/basiclayer/pgfcore.sty
(/usr/local/gwTeX/texmf.texlive/tex/latex/graphics/graphicx.sty
Package: graphicx 1999/02/16 v1.0f Enhanced LaTeX Graphics (DPC,SPQR)

(/usr/local/gwTeX/texmf.texlive/tex/latex/graphics/graphics.sty
Package: graphics 2006/02/20 v1.0o Standard LaTeX Graphics (DPC,SPQR)

(/usr/local/gwTeX/texmf.texlive/tex/latex/graphics/trig.sty
Package: trig 1999/03/16 v1.09 sin cos tan (DPC)
)
(/usr/local/gwTeX/texmf.texlive/tex/latex/config/graphics.cfg
File: graphics.cfg 2007/01/18 v1.5 graphics configuration of teTeX/TeXLive
)
Package graphics Info: Driver file: pdftex.def on input line 90.

(/usr/local/gwTeX/texmf.texlive/tex/latex/pdftex-def/pdftex.def
File: pdftex.def 2007/01/08 v0.04d Graphics/color for pdfTeX
\Gread@gobject=\count102
))
\Gin@req@height=\dimen119
\Gin@req@width=\dimen120
)
(/usr/local/gwTeX/texmf.texlive/tex/latex/pgf/systemlayer/pgfsys.sty
(/usr/local/gwTeX/texmf.texlive/tex/latex/pgf/utilities/pgfrcs.sty
(/usr/local/gwTeX/texmf.texlive/tex/generic/pgf/utilities/pgfutil-common.tex)
(/usr/local/gwTeX/texmf.texlive/tex/generic/pgf/utilities/pgfutil-latex.def)
(/usr/local/gwTeX/texmf.texlive/tex/generic/pgf/utilities/pgfrcs.code.tex
Package: pgfrcs 2006/10/26 v1.10 (rcs-revision 1.14)
))
(/usr/local/gwTeX/texmf.texlive/tex/generic/pgf/systemlayer/pgfsys.code.tex
Package: pgfsys 2006/10/16 v1.10 (rcs-revision 1.19)
\pgf@x=\dimen121
\pgf@y=\dimen122
\pgf@xa=\dimen123
\pgf@ya=\dimen124
\pgf@xb=\dimen125
\pgf@yb=\dimen126
\pgf@xc=\dimen127
\pgf@yc=\dimen128

(/usr/local/gwTeX/texmf.texlive/tex/generic/pgf/systemlayer/pgf.cfg
File: pgf.cfg 2006/10/11  (rcs-revision 1.2)
)
Package pgfsys Info: Driver file for pgf: pgfsys-pdftex.def on input line 845.

(/usr/local/gwTeX/texmf.texlive/tex/generic/pgf/systemlayer/pgfsys-pdftex.def
File: pgfsys-pdftex.def 2006/10/23  (rcs-revision 1.14)

(/usr/local/gwTeX/texmf.texlive/tex/generic/pgf/systemlayer/pgfsys-common-pdf.d
ef
File: pgfsys-common-pdf.def 2006/10/16  (rcs-revision 1.7)
)))
(/usr/local/gwTeX/texmf.texlive/tex/generic/pgf/systemlayer/pgfsyssoftpath.code
.tex
File: pgfsyssoftpath.code.tex 2006/10/16  (rcs-revision 1.4)
)
(/usr/local/gwTeX/texmf.texlive/tex/generic/pgf/systemlayer/pgfsysprotocol.code
.tex
File: pgfsysprotocol.code.tex 2006/10/16  (rcs-revision 1.4)
)) (/usr/local/gwTeX/texmf.texlive/tex/latex/xcolor/xcolor.sty
Package: xcolor 2007/01/21 v2.11 LaTeX color extensions (UK)

(/usr/local/gwTeX/texmf.texlive/tex/latex/config/color.cfg
File: color.cfg 2007/01/18 v1.5 color configuration of teTeX/TeXLive
)
Package xcolor Info: Driver file: pdftex.def on input line 225.
Package xcolor Info: Model `cmy' substituted by `cmy0' on input line 1337.
Package xcolor Info: Model `hsb' substituted by `rgb' on input line 1341.
Package xcolor Info: Model `RGB' extended on input line 1353.
Package xcolor Info: Model `HTML' substituted by `rgb' on input line 1355.
Package xcolor Info: Model `Hsb' substituted by `hsb' on input line 1356.
Package xcolor Info: Model `tHsb' substituted by `hsb' on input line 1357.
Package xcolor Info: Model `HSB' substituted by `hsb' on input line 1358.
Package xcolor Info: Model `Gray' substituted by `gray' on input line 1359.
Package xcolor Info: Model `wave' substituted by `hsb' on input line 1360.

(/usr/local/gwTeX/texmf.texlive/tex/latex/graphics/dvipsnam.def
File: dvipsnam.def 1999/02/16 v3.0i Driver-dependant file (DPC,SPQR)
))
(/usr/local/gwTeX/texmf.texlive/tex/generic/pgf/basiclayer/pgfcore.code.tex
Package: pgfcore 2006/10/11 v1.10 (rcs-revision 1.4)

(/usr/local/gwTeX/texmf.texlive/tex/generic/pgf/basiclayer/pgfcoremath.code.tex
File: pgfcoremath.code.tex 2006/10/15  (rcs-revision 1.3)
\c@pgf@counta=\count103
\c@pgf@countb=\count104
\c@pgf@countc=\count105
\c@pgf@countd=\count106
)
(/usr/local/gwTeX/texmf.texlive/tex/generic/pgf/basiclayer/pgfcorepoints.code.t
ex
File: pgfcorepoints.code.tex 2006/10/16  (rcs-revision 1.7)
\pgf@picminx=\dimen129
\pgf@picmaxx=\dimen130
\pgf@picminy=\dimen131
\pgf@picmaxy=\dimen132
\pgf@pathminx=\dimen133
\pgf@pathmaxx=\dimen134
\pgf@pathminy=\dimen135
\pgf@pathmaxy=\dimen136
\pgf@tempdim=\dimen137
\c@pgf@tempcount=\count107
\pgf@xx=\dimen138
\pgf@xy=\dimen139
\pgf@yx=\dimen140
\pgf@yy=\dimen141
\pgf@zx=\dimen142
\pgf@zy=\dimen143
)
(/usr/local/gwTeX/texmf.texlive/tex/generic/pgf/basiclayer/pgfcorepathconstruct
.code.tex
File: pgfcorepathconstruct.code.tex 2006/10/16  (rcs-revision 1.6)
\pgf@path@lastx=\dimen144
\pgf@path@lasty=\dimen145
)
(/usr/local/gwTeX/texmf.texlive/tex/generic/pgf/basiclayer/pgfcorepathusage.cod
e.tex
File: pgfcorepathusage.code.tex 2006/10/16  (rcs-revision 1.7)
\pgf@shorten@end@additional=\dimen146
\pgf@shorten@start@additional=\dimen147
)
(/usr/local/gwTeX/texmf.texlive/tex/generic/pgf/basiclayer/pgfcorescopes.code.t
ex
File: pgfcorescopes.code.tex 2006/10/23  (rcs-revision 1.20)
\pgfpic=\box34
\pgf@hbox=\box35
\pgf@layerbox@main=\box36
\pgf@picture@serial@count=\count108
)
(/usr/local/gwTeX/texmf.texlive/tex/generic/pgf/basiclayer/pgfcoregraphicstate.
code.tex
File: pgfcoregraphicstate.code.tex 2006/10/16  (rcs-revision 1.6)
\pgflinewidth=\dimen148
)
(/usr/local/gwTeX/texmf.texlive/tex/generic/pgf/basiclayer/pgfcoretransformatio
ns.code.tex
File: pgfcoretransformations.code.tex 2006/10/11  (rcs-revision 1.4)
\pgf@pt@x=\dimen149
\pgf@pt@y=\dimen150
\pgf@pt@temp=\dimen151
)
(/usr/local/gwTeX/texmf.texlive/tex/generic/pgf/basiclayer/pgfcorequick.code.te
x
File: pgfcorequick.code.tex 2006/10/11  (rcs-revision 1.2)
)
(/usr/local/gwTeX/texmf.texlive/tex/generic/pgf/basiclayer/pgfcoreobjects.code.
tex
File: pgfcoreobjects.code.tex 2006/10/11  (rcs-revision 1.2)
)
(/usr/local/gwTeX/texmf.texlive/tex/generic/pgf/basiclayer/pgfcorepathprocessin
g.code.tex
File: pgfcorepathprocessing.code.tex 2006/10/16  (rcs-revision 1.5)
)
(/usr/local/gwTeX/texmf.texlive/tex/generic/pgf/basiclayer/pgfcorearrows.code.t
ex
File: pgfcorearrows.code.tex 2006/10/16  (rcs-revision 1.6)
)
(/usr/local/gwTeX/texmf.texlive/tex/generic/pgf/basiclayer/pgfcoreshade.code.te
x
File: pgfcoreshade.code.tex 2006/10/16  (rcs-revision 1.7)
\pgf@max=\dimen152
\pgf@sys@shading@range@num=\count109
))) (/usr/local/gwTeX/texmf.texlive/tex/latex/pgf/basiclayer/pgfbaseimage.sty
(/usr/local/gwTeX/texmf.texlive/tex/generic/pgf/basiclayer/pgfbaseimage.code.te
x
Package: pgfbaseimage 2006/10/16 v1.10 (rcs-revision 1.5)
)) (/usr/local/gwTeX/texmf.texlive/tex/latex/pgf/utilities/xxcolor.sty
Package: xxcolor 2003/10/24 ver 0.1
\XC@nummixins=\count110
\XC@countmixins=\count111
)
(/usr/local/gwTeX/texmf.texlive/tex/latex/amsfonts/amssymb.sty
Package: amssymb 2002/01/22 v2.2d

(/usr/local/gwTeX/texmf.texlive/tex/latex/amsfonts/amsfonts.sty
Package: amsfonts 2001/10/25 v2.2f
\@emptytoks=\toks15
\symAMSa=\mathgroup4
\symAMSb=\mathgroup5
LaTeX Font Info:    Overwriting math alphabet `\mathfrak' in version `bold'
(Font)                  U/euf/m/n --> U/euf/b/n on input line 132.
))
(/usr/local/gwTeX/texmf.texlive/tex/latex/geometry/geometry.sty
Package: geometry 2002/07/08 v3.2 Page Geometry
\Gm@cnth=\count112
\Gm@cntv=\count113
\c@Gm@tempcnt=\count114
\Gm@bindingoffset=\dimen153
\Gm@wd@mp=\dimen154
\Gm@odd@mp=\dimen155
\Gm@even@mp=\dimen156
\Gm@dimlist=\toks16

(/usr/local/gwTeX/texmf.texlive/tex/xelatex/xetexconfig/geometry.cfg))
(/usr/local/gwTeX/texmf.texlive/tex/latex/hyperref/hyperref.sty
Package: hyperref 2007/02/27 v6.75t Hypertext links for LaTeX
\@linkdim=\dimen157
\Hy@linkcounter=\count115
\Hy@pagecounter=\count116

(/usr/local/gwTeX/texmf.texlive/tex/latex/hyperref/pd1enc.def
File: pd1enc.def 2007/02/27 v6.75t Hyperref: PDFDocEncoding definition (HO)
)
(/usr/local/gwTeX/texmf.texlive/tex/latex/config/hyperref.cfg
File: hyperref.cfg 2002/06/06 v1.2 hyperref configuration of TeXLive
)
(/usr/local/gwTeX/texmf.texlive/tex/latex/oberdiek/kvoptions.sty
Package: kvoptions 2006/08/22 v2.4 Connects package keyval with LaTeX options (
HO)
)
Package hyperref Info: Option `bookmarks' set `true' on input line 2252.
Package hyperref Info: Option `bookmarksopen' set `true' on input line 2252.
Package hyperref Info: Option `implicit' set `false' on input line 2252.
Package hyperref Info: Hyper figures OFF on input line 2302.
Package hyperref Info: Link nesting OFF on input line 2307.
Package hyperref Info: Hyper index ON on input line 2310.
Package hyperref Info: Plain pages OFF on input line 2317.
Package hyperref Info: Backreferencing OFF on input line 2322.

Implicit mode OFF; no redefinition of LaTeX internals
Package hyperref Info: Bookmarks ON on input line 2458.
(/usr/local/gwTeX/texmf.texlive/tex/latex/ltxmisc/url.sty
\Urlmuskip=\muskip10
Package: url 2005/06/27  ver 3.2  Verb mode for urls, etc.
)
LaTeX Info: Redefining \url on input line 2613.
\Fld@menulength=\count117
\Field@Width=\dimen158
\Fld@charsize=\dimen159
\Choice@toks=\toks17
\Field@toks=\toks18
Package hyperref Info: Hyper figures OFF on input line 3121.
Package hyperref Info: Link nesting OFF on input line 3126.
Package hyperref Info: Hyper index ON on input line 3129.
Package hyperref Info: backreferencing OFF on input line 3136.
Package hyperref Info: Link coloring OFF on input line 3141.


Package hyperref Warning: Option `pdfpagelabels' is turned off
(hyperref)                because \thepage is undefined.

Hyperref stopped early
)
*hyperref using default driver hpdftex*
(/usr/local/gwTeX/texmf.texlive/tex/latex/hyperref/hpdftex.def
File: hpdftex.def 2007/02/27 v6.75t Hyperref driver for pdfTeX
\Fld@listcount=\count118
)
(/usr/local/gwTeX/texmf.texlive/tex/latex/extsizes/size9.clo
File: size9.clo 1999/11/11 v1.4a NON-Standard LaTeX file (size option)
)
(/usr/local/gwTeX/texmf.texlive/tex/latex/beamer/beamerbasecompatibility.sty
Package: beamerbasecompatibility 2007/01/28  (rcs-revision 1.63)
)
(/usr/local/gwTeX/texmf.texlive/tex/latex/beamer/beamerbasefont.sty
Package: beamerbasefont 2007/01/28  (rcs-revision 1.16)
)
(/usr/local/gwTeX/texmf.texlive/tex/latex/beamer/beamerbasemisc.sty
Package: beamerbasemisc 2007/01/28  (rcs-revision 1.24)
)
(/usr/local/gwTeX/texmf.texlive/tex/latex/beamer/beamerbasetwoscreens.sty
Package: beamerbasetwoscreens 2007/01/28  (rcs-revision 1.7)
)
(/usr/local/gwTeX/texmf.texlive/tex/latex/beamer/beamerbaseoverlay.sty
Package: beamerbaseoverlay 2007/01/28  (rcs-revision 1.50)
\beamer@argscount=\count119
\beamer@lastskipcover=\skip42
\beamer@trivlistdepth=\count120
)
(/usr/local/gwTeX/texmf.texlive/tex/latex/beamer/beamerbasetitle.sty
Package: beamerbasetitle 2007/01/28  (rcs-revision 1.25)
)
(/usr/local/gwTeX/texmf.texlive/tex/latex/beamer/beamerbasesection.sty
Package: beamerbasesection 2007/01/28  (rcs-revision 1.21)
\c@lecture=\count121
\c@part=\count122
\c@section=\count123
\c@subsection=\count124
\c@subsubsection=\count125
)
(/usr/local/gwTeX/texmf.texlive/tex/latex/beamer/beamerbaseframe.sty
Package: beamerbaseframe 2007/01/28  (rcs-revision 1.60)
\beamer@framebox=\box37
\beamer@frametitlebox=\box38
\beamer@zoombox=\box39
\beamer@zoomcount=\count126
\beamer@zoomframecount=\count127
\beamer@frametextheight=\dimen160
\c@subsectionslide=\count128
\beamer@frametopskip=\skip43
\beamer@framebottomskip=\skip44
\beamer@frametopskipautobreak=\skip45
\beamer@framebottomskipautobreak=\skip46
\beamer@envbody=\toks19
\c@framenumber=\count129
)
(/usr/local/gwTeX/texmf.texlive/tex/latex/beamer/beamerbaseverbatim.sty
Package: beamerbaseverbatim 2007/01/28  (rcs-revision 1.8)
\beamer@verbatimfileout=\write3
)
(/usr/local/gwTeX/texmf.texlive/tex/latex/beamer/beamerbaseframesize.sty
Package: beamerbaseframesize 2007/01/28  (rcs-revision 1.18)
\beamer@splitbox=\box40
\beamer@autobreakcount=\count130
\beamer@autobreaklastheight=\dimen161
\beamer@frametitletoks=\toks20
\beamer@framesubtitletoks=\toks21
)
(/usr/local/gwTeX/texmf.texlive/tex/latex/beamer/beamerbaseframecomponents.sty
Package: beamerbaseframecomponents 2007/01/28  (rcs-revision 1.41)
\beamer@footins=\box41
) (/usr/local/gwTeX/texmf.texlive/tex/latex/beamer/beamerbasecolor.sty
Package: beamerbasecolor 2007/01/28  (rcs-revision 1.42)
)
(/usr/local/gwTeX/texmf.texlive/tex/latex/beamer/beamerbasenotes.sty
Package: beamerbasenotes 2007/01/28  (rcs-revision 1.23)
\beamer@frameboxcopy=\box42
)
(/usr/local/gwTeX/texmf.texlive/tex/latex/beamer/beamerbasetoc.sty
Package: beamerbasetoc 2007/01/28  (rcs-revision 1.21)
)
(/usr/local/gwTeX/texmf.texlive/tex/latex/beamer/beamerbasetemplates.sty
Package: beamerbasetemplates 2007/01/28  (rcs-revision 1.51)
\beamer@sbttoks=\toks22

(/usr/local/gwTeX/texmf.texlive/tex/latex/beamer/beamerbaseauxtemplates.sty
Package: beamerbaseauxtemplates 2007/01/28  (rcs-revision 1.28)

(/usr/local/gwTeX/texmf.texlive/tex/latex/beamer/beamerbaseboxes.sty
Package: beamerbaseboxes 2007/03/11  (rcs-revision 1.32)
\bmb@box=\box43
\bmb@colorbox=\box44
\bmb@boxshadow=\box45
\bmb@boxshadowball=\box46
\bmb@boxshadowballlarge=\box47
\bmb@temp=\dimen162
\bmb@dima=\dimen163
\bmb@dimb=\dimen164
\bmb@prevheight=\dimen165
)
\beamer@blockheadheight=\dimen166
))
(/usr/local/gwTeX/texmf.texlive/tex/latex/beamer/beamerbaselocalstructure.sty
Package: beamerbaselocalstructure 2007/01/28  (rcs-revision 1.53)

(/usr/local/gwTeX/texmf.texlive/tex/latex/tools/enumerate.sty
Package: enumerate 1999/03/05 v3.00 enumerate extensions (DPC)
\@enLab=\toks23
)
\c@figure=\count131
\c@table=\count132
\abovecaptionskip=\skip47
\belowcaptionskip=\skip48
)
(/usr/local/gwTeX/texmf.texlive/tex/latex/beamer/beamerbasenavigation.sty
Package: beamerbasenavigation 2007/01/28  (rcs-revision 1.36)
)
(/usr/local/gwTeX/texmf.texlive/tex/latex/beamer/beamerbasetheorems.sty
Package: beamerbasetheorems 2007/01/28  (rcs-revision 1.10)

(/usr/local/gwTeX/texmf.texlive/tex/latex/amsmath/amsmath.sty
Package: amsmath 2000/07/18 v2.13 AMS math features
\@mathmargin=\skip49

For additional information on amsmath, use the `?' option.
(/usr/local/gwTeX/texmf.texlive/tex/latex/amsmath/amstext.sty
Package: amstext 2000/06/29 v2.01

(/usr/local/gwTeX/texmf.texlive/tex/latex/amsmath/amsgen.sty
File: amsgen.sty 1999/11/30 v2.0
\@emptytoks=\toks24
\ex@=\dimen167
))
(/usr/local/gwTeX/texmf.texlive/tex/latex/amsmath/amsbsy.sty
Package: amsbsy 1999/11/29 v1.2d
\pmbraise@=\dimen168
)
(/usr/local/gwTeX/texmf.texlive/tex/latex/amsmath/amsopn.sty
Package: amsopn 1999/12/14 v2.01 operator names
)
\inf@bad=\count133
LaTeX Info: Redefining \frac on input line 211.
\uproot@=\count134
\leftroot@=\count135
LaTeX Info: Redefining \overline on input line 307.
\classnum@=\count136
\DOTSCASE@=\count137
LaTeX Info: Redefining \ldots on input line 379.
LaTeX Info: Redefining \dots on input line 382.
LaTeX Info: Redefining \cdots on input line 467.
\Mathstrutbox@=\box48
\strutbox@=\box49
\big@size=\dimen169
LaTeX Font Info:    Redeclaring font encoding OML on input line 567.
LaTeX Font Info:    Redeclaring font encoding OMS on input line 568.
\macc@depth=\count138
\c@MaxMatrixCols=\count139
\dotsspace@=\muskip11
\c@parentequation=\count140
\dspbrk@lvl=\count141
\tag@help=\toks25
\row@=\count142
\column@=\count143
\maxfields@=\count144
\andhelp@=\toks26
\eqnshift@=\dimen170
\alignsep@=\dimen171
\tagshift@=\dimen172
\tagwidth@=\dimen173
\totwidth@=\dimen174
\lineht@=\dimen175
\@envbody=\toks27
\multlinegap=\skip50
\multlinetaggap=\skip51
\mathdisplay@stack=\toks28
LaTeX Info: Redefining \[ on input line 2666.
LaTeX Info: Redefining \] on input line 2667.
)
(/usr/local/gwTeX/texmf.texlive/tex/latex/amscls/amsthm.sty
Package: amsthm 2004/08/06 v2.20
\thm@style=\toks29
\thm@bodyfont=\toks30
\thm@headfont=\toks31
\thm@notefont=\toks32
\thm@headpunct=\toks33
\thm@preskip=\skip52
\thm@postskip=\skip53
\thm@headsep=\skip54
\dth@everypar=\toks34
)
\c@theorem=\count145
)
(/usr/local/gwTeX/texmf.texlive/tex/latex/beamer/beamerbasethemes.sty
Package: beamerbasethemes 2007/01/28  (rcs-revision 1.10)
)
(/usr/local/gwTeX/texmf.texlive/tex/latex/beamer/themes/theme/beamerthemedefaul
t.sty
Package: beamerthemedefault 2007/01/28  (rcs-revision 1.7)

(/usr/local/gwTeX/texmf.texlive/tex/latex/beamer/themes/font/beamerfontthemedef
ault.sty
Package: beamerfontthemedefault 2007/01/28  (rcs-revision 1.13)
)
(/usr/local/gwTeX/texmf.texlive/tex/latex/beamer/themes/color/beamercolorthemed
efault.sty
Package: beamercolorthemedefault 2007/01/28  (rcs-revision 1.28)
)
(/usr/local/gwTeX/texmf.texlive/tex/latex/beamer/themes/inner/beamerinnerthemed
efault.sty
Package: beamerinnerthemedefault 2007/01/28  (rcs-revision 1.20)
\beamer@dima=\dimen176
\beamer@dimb=\dimen177
)
(/usr/local/gwTeX/texmf.texlive/tex/latex/beamer/themes/outer/beamerouterthemed
efault.sty
Package: beamerouterthemedefault 2007/01/28  (rcs-revision 1.14)
))) (/usr/local/gwTeX/texmf.texlive/tex/latex/natbib/natbib.sty
Package: natbib 2007/02/05 8.0 (PWD)
\bibhang=\skip55
\bibsep=\skip56
LaTeX Info: Redefining \cite on input line 602.
\c@NAT@ctr=\count146
)
(/Applications/TextMate.app/Contents/SharedSupport/Bundles/LaTeX.tmbundle/Suppo
rt/tex/latex/pdfsync.sty
Package: pdfsync 2007/01/15 v1.0
)
(/usr/local/gwTeX/texmf.texlive/tex/latex/psnfss/chancery.sty
Package: chancery 2005/04/12 PSNFSS-v9.2a (SPQR) 
)
(/Users/agconway/Library/texmf/tex/latex/movie15.sty
Package: movie15 2009/07/07

(/usr/local/gwTeX/texmf.texlive/tex/latex/base/ifthen.sty
Package: ifthen 2001/05/26 v1.1c Standard LaTeX ifthen package (DPC)
)
(/usr/local/gwTeX/texmf.texlive/tex/generic/oberdiek/ifpdf.sty
Package: ifpdf 2006/02/20 v1.4 Provides the ifpdf switch (HO)
Package ifpdf Info: pdfTeX in pdf mode detected.
)
(/usr/local/gwTeX/texmf.texlive/tex/latex/oberdiek/ifdraft.sty
Package: ifdraft 2006/02/20 v1.2 Switch for option draft (HO)
)
(/usr/local/gwTeX/texmf.texlive/tex/latex/everyshi/everyshi.sty
Package: everyshi 2001/05/15 v3.00 EveryShipout Package (MS)
)
\@MXV@page=\count147
\@MXV@adict=\count148
\@MXV@aadict=\count149
\@MXV@includes=\count150
\@MXV@players=\count151
\@MXV@links=\count152
\@MXV@width=\dimen178
\@MXV@height=\dimen179
\@MXV@depth=\dimen180
\@MXV@totalheight=\dimen181
\@MXV@@boxdepth=\dimen182
\@MXV@traiselen=\dimen183
\@MXV@braiselen=\dimen184
\@MXV@start=\dimen185
\@MXV@end=\dimen186
\@MXV@textbox=\box50
)
(/usr/local/gwTeX/texmf.texlive/tex/latex/pgf/utilities/pgfpages.sty
Package: pgfpages 2004/11/05 ver 0.01

(/usr/local/gwTeX/texmf.texlive/tex/latex/tools/calc.sty
Package: calc 2005/08/06 v4.2 Infix arithmetic (KKT,FJ)
\calc@Acount=\count153
\calc@Bcount=\count154
\calc@Adimen=\dimen187
\calc@Bdimen=\dimen188
\calc@Askip=\skip57
\calc@Bskip=\skip58
LaTeX Info: Redefining \setlength on input line 75.
LaTeX Info: Redefining \addtolength on input line 76.
\calc@Ccount=\count155
\calc@Cskip=\skip59
)
\pgf@logicalpages=\count156
\pgf@firstshipout=\count157
\pgf@lastshipout=\count158
\pgf@currentshipout=\count159
\pgf@cpn=\count160
\pgf@shipoutnextto=\count161
\pgfphysicalheight=\dimen189
\pgfphysicalwidth=\dimen190
\pgfpages@shipoutbox=\box51
)
(/usr/local/gwTeX/texmf.texlive/tex/latex/fancyvrb/fancyvrb.sty
Package: fancyvrb 1998/07/17

Style option: `fancyvrb' v2.6, with DG/SPQR fixes <1998/07/17> (tvz)
\FV@CodeLineNo=\count162
\FV@InFile=\read1
\FV@TabBox=\box52
\c@FancyVerbLine=\count163
\FV@StepNumber=\count164
\FV@OutFile=\write4

No file fancyvrb.cfg.
) (/usr/local/gwTeX/texmf.texlive/tex/latex/colortbl/colortbl.sty
Package: colortbl 2001/02/13 v0.1j Color table columns (DPC)

(/usr/local/gwTeX/texmf.texlive/tex/latex/tools/array.sty
Package: array 2005/08/23 v2.4b Tabular extension package (FMi)
\col@sep=\dimen191
\extrarowheight=\dimen192
\NC@list=\toks35
\extratabsurround=\skip60
\backup@length=\skip61
)
\everycr=\toks36
\minrowclearance=\skip62
)
(/usr/local/gwTeX/texmf.texlive/tex/latex/wasysym/wasysym.sty
Package: wasysym 2003/10/30 v2.0 Wasy-2 symbol support package
\symwasy=\mathgroup6
LaTeX Font Info:    Overwriting symbol font `wasy' in version `bold'
(Font)                  U/wasy/m/n --> U/wasy/b/n on input line 90.
)
(/usr/local/gwTeX/texmf.texlive/tex/latex/beamer/themes/theme/compatibility/bea
merthemesplit.sty
Package: beamerthemesplit 2007/01/28  (rcs-revision 1.9)

(/usr/local/gwTeX/texmf.texlive/tex/latex/beamer/themes/color/beamercolorthemew
hale.sty
Package: beamercolorthemewhale 2007/01/28  (rcs-revision 1.4)
)
(/usr/local/gwTeX/texmf.texlive/tex/latex/beamer/themes/outer/beamerouterthemes
plit.sty
Package: beamerouterthemesplit 2007/01/28  (rcs-revision 1.5)
)
(/usr/local/gwTeX/texmf.texlive/tex/latex/beamer/themes/font/beamerfontthemestr
ucturebold.sty
Package: beamerfontthemestructurebold 2007/01/28  (rcs-revision 1.3)
))
(/usr/local/gwTeX/texmf.texlive/tex/latex/beamer/themes/theme/beamerthemeCopenh
agen.sty
Package: beamerthemeCopenhagen 2007/01/28  (rcs-revision 1.8)

(/usr/local/gwTeX/texmf.texlive/tex/latex/beamer/themes/inner/beamerinnerthemer
ounded.sty
Package: beamerinnerthemerounded 2007/01/28  (rcs-revision 1.5)
)
(/usr/local/gwTeX/texmf.texlive/tex/latex/beamer/themes/color/beamercolorthemeo
rchid.sty
Package: beamercolorthemeorchid 2007/01/28  (rcs-revision 1.3)
))
(/usr/local/gwTeX/texmf.texlive/tex/latex/beamer/themes/color/beamercolorthemes
tructure.sty
Package: beamercolorthemestructure 2007/01/28  (rcs-revision 1.4)
) (./wl_hh_benford.aux)
\openout1 = `wl_hh_benford.aux'.

LaTeX Font Info:    Checking defaults for OML/cmm/m/it on input line 63.
LaTeX Font Info:    ... okay on input line 63.
LaTeX Font Info:    Checking defaults for T1/cmr/m/n on input line 63.
LaTeX Font Info:    ... okay on input line 63.
LaTeX Font Info:    Checking defaults for OT1/cmr/m/n on input line 63.
LaTeX Font Info:    ... okay on input line 63.
LaTeX Font Info:    Checking defaults for OMS/cmsy/m/n on input line 63.
LaTeX Font Info:    ... okay on input line 63.
LaTeX Font Info:    Checking defaults for OMX/cmex/m/n on input line 63.
LaTeX Font Info:    ... okay on input line 63.
LaTeX Font Info:    Checking defaults for U/cmr/m/n on input line 63.
LaTeX Font Info:    ... okay on input line 63.
LaTeX Font Info:    Checking defaults for PD1/pdf/m/n on input line 63.
LaTeX Font Info:    ... okay on input line 63.

(/usr/local/gwTeX/texmf.texlive/tex/context/base/supp-pdf.tex
[Loading MPS to PDF converter (version 2006.09.02).]
\scratchcounter=\count165
\scratchdimen=\dimen193
\scratchbox=\box53
\nofMPsegments=\count166
\nofMParguments=\count167
\MPscratchCnt=\count168
\MPscratchDim=\dimen194
\MPnumerator=\count169
\everyMPtoPDFconversion=\toks37
)
-------------------- Geometry parameters
paper: user defined
landscape: --
twocolumn: --
twoside: --
asymmetric: --
h-parts: 28.45274pt, 307.28987pt, 28.45274pt
v-parts: 0.0pt, 273.14662pt, 0.0pt
hmarginratio: --
vmarginratio: --
lines: --
heightrounded: --
bindingoffset: 0.0pt
truedimen: --
includehead: true
includefoot: true
includemp: --
driver: pdftex
-------------------- Page layout dimensions and switches
\paperwidth  364.19536pt
\paperheight 273.14662pt
\textwidth  307.28987pt
\textheight 244.6939pt
\oddsidemargin  -43.81725pt
\evensidemargin -43.81725pt
\topmargin  -72.26999pt
\headheight 14.22636pt
\headsep    0.0pt
\footskip   14.22636pt
\marginparwidth 4.0pt
\marginparsep   10.0pt
\columnsep  10.0pt
\skip\footins  8.0pt plus 4.0pt minus 2.0pt
\hoffset 0.0pt
\voffset 0.0pt
\mag 1000

(1in=72.27pt, 1cm=28.45pt)
-----------------------
Package hyperref Info: Link coloring OFF on input line 63.
 (/usr/local/gwTeX/texmf.texlive/tex/latex/hyperref/nameref.sty
Package: nameref 2006/12/27 v2.28 Cross-referencing by name of section

(/usr/local/gwTeX/texmf.texlive/tex/latex/oberdiek/refcount.sty
Package: refcount 2006/02/20 v3.0 Data extraction from references (HO)
)
\c@section@level=\count170
)
LaTeX Info: Redefining \ref on input line 63.
LaTeX Info: Redefining \pageref on input line 63.

(./wl_hh_benford.out) (./wl_hh_benford.out)
\@outlinefile=\write5
\openout5 = `wl_hh_benford.out'.

LaTeX Font Info:    Overwriting symbol font `operators' in version `normal'
(Font)                  OT1/cmr/m/n --> OT1/cmss/m/n on input line 63.
LaTeX Font Info:    Overwriting symbol font `operators' in version `bold'
(Font)                  OT1/cmr/bx/n --> OT1/cmss/bx/n on input line 63.
\symnumbers=\mathgroup7
\sympureletters=\mathgroup8
LaTeX Font Info:    Overwriting math alphabet `\mathrm' in version `normal'
(Font)                  OT1/cmss/m/n --> OT1/pzc/m/n on input line 63.
LaTeX Font Info:    Redeclaring math alphabet \mathbf on input line 63.
LaTeX Font Info:    Overwriting math alphabet `\mathbf' in version `normal'
(Font)                  OT1/cmr/bx/n --> OT1/cmss/bx/n on input line 63.
LaTeX Font Info:    Overwriting math alphabet `\mathbf' in version `bold'
(Font)                  OT1/cmr/bx/n --> OT1/cmss/bx/n on input line 63.
LaTeX Font Info:    Redeclaring math alphabet \mathsf on input line 63.
LaTeX Font Info:    Overwriting math alphabet `\mathsf' in version `normal'
(Font)                  OT1/cmss/m/n --> OT1/cmss/m/n on input line 63.
LaTeX Font Info:    Overwriting math alphabet `\mathsf' in version `bold'
(Font)                  OT1/cmss/bx/n --> OT1/cmss/m/n on input line 63.
LaTeX Font Info:    Redeclaring math alphabet \mathit on input line 63.
LaTeX Font Info:    Overwriting math alphabet `\mathit' in version `normal'
(Font)                  OT1/cmr/m/it --> OT1/cmss/m/it on input line 63.
LaTeX Font Info:    Overwriting math alphabet `\mathit' in version `bold'
(Font)                  OT1/cmr/bx/it --> OT1/cmss/m/it on input line 63.
LaTeX Font Info:    Redeclaring math alphabet \mathtt on input line 63.
LaTeX Font Info:    Overwriting math alphabet `\mathtt' in version `normal'
(Font)                  OT1/cmtt/m/n --> OT1/cmtt/m/n on input line 63.
LaTeX Font Info:    Overwriting math alphabet `\mathtt' in version `bold'
(Font)                  OT1/cmtt/m/n --> OT1/cmtt/m/n on input line 63.
LaTeX Font Info:    Overwriting symbol font `numbers' in version `bold'
(Font)                  OT1/cmss/m/n --> OT1/cmss/bx/n on input line 63.
LaTeX Font Info:    Overwriting symbol font `pureletters' in version `bold'
(Font)                  OT1/cmss/m/it --> OT1/cmss/bx/it on input line 63.
LaTeX Font Info:    Overwriting math alphabet `\mathrm' in version `bold'
(Font)                  OT1/cmss/bx/n --> OT1/pzc/bx/n on input line 63.
LaTeX Font Info:    Overwriting math alphabet `\mathbf' in version `bold'
(Font)                  OT1/cmss/bx/n --> OT1/cmss/bx/n on input line 63.
LaTeX Font Info:    Overwriting math alphabet `\mathsf' in version `bold'
(Font)                  OT1/cmss/m/n --> OT1/cmss/bx/n on input line 63.
LaTeX Font Info:    Overwriting math alphabet `\mathit' in version `bold'
(Font)                  OT1/cmss/m/it --> OT1/cmss/bx/it on input line 63.
LaTeX Font Info:    Overwriting math alphabet `\mathtt' in version `bold'
(Font)                  OT1/cmtt/m/n --> OT1/cmtt/bx/n on input line 63.
Configuring pdfsync
\PDFSYNC@ut=\write6
\openout6 = `wl_hh_benford.pdfsync'.

\PDFSYNCf@li@=\count171
\PDFSYNC@rder=\count172
**** pdfsync.sty: Synchronizing at \everypar
\PDFSYNCeveryp@r=\toks38
**** pdfsync.sty: Synchronizing at \everymath
\PDFSYNCeverym@th=\toks39
**** pdfsync.sty: Synchronizing at \everyhbox
\PDFSYNCeveryhb@x=\toks40
**** pdfsync.sty: started

ABD: EveryShipout initializing macros (./wl_hh_benford.nav) [1

{/usr/local/gwTeX/texmf.local/fonts/map/pdftex/updmap/pdftex.map}]

LaTeX Font Warning: Font shape `OT1/cmss/bx/n' in size <4> not available
(Font)              size <5> substituted on input line 79.


LaTeX Font Warning: Font shape `OT1/cmss/m/n' in size <4> not available
(Font)              size <5> substituted on input line 79.

[2

]
\openout3 = `wl_hh_benford.vrb'.

 (./wl_hh_benford.vrb
<images/fox_news_pie_chart.png, id=33, 550.055pt x 412.54124pt>
File: images/fox_news_pie_chart.png Graphic file (type png)

<use images/fox_news_pie_chart.png>) [3

 <./images/fox_news_pie_chart.png>]
(./wl_hh_benford.vrb
File: images/fox_news_pie_chart.png Graphic file (type png)
 <use images/fox_news_pie_chart.png>) [4

]
\openout3 = `wl_hh_benford.vrb'.


(./wl_hh_benford.vrb
LaTeX Font Info:    Try loading font information for U+msa on input line 4.
 (/usr/local/gwTeX/texmf.texlive/tex/latex/amsfonts/umsa.fd
File: umsa.fd 2002/01/19 v2.2g AMS font definitions
)
LaTeX Font Info:    Try loading font information for U+msb on input line 4.
 (/usr/local/gwTeX/texmf.texlive/tex/latex/amsfonts/umsb.fd
File: umsb.fd 2002/01/19 v2.2g AMS font definitions
)
LaTeX Font Info:    Try loading font information for U+wasy on input line 4.

(/usr/local/gwTeX/texmf.texlive/tex/latex/wasysym/uwasy.fd
File: uwasy.fd 2003/10/30 v2.0 Wasy-2 symbol font definitions
)
Missing character: There is no â in font cmss9!
Missing character: There is no € in font cmss9!
Missing character: There is no ™ in font cmss9!
Missing character: There is no â in font cmss9!
Missing character: There is no € in font cmss9!
Missing character: There is no ¦ in font cmss9!

./wl_hh_benford.vrb:16: Extra }, or forgotten \endgroup.
l.16 ... Outsourced the Burden of Verification}'}}
                                                  
I've deleted a group-closing symbol because it seems to be
spurious, as in `$x}$'. But perhaps the } is legitimate and
you forgot something else, as in `\hbox{$x}'. In such cases
the way to recover is to insert both the forgotten and the
deleted material, e.g., by typing `I$}'.

) [5

] (./wl_hh_benford.vrb
Missing character: There is no â in font cmss9!
Missing character: There is no € in font cmss9!
Missing character: There is no ™ in font cmss9!
Missing character: There is no â in font cmss9!
Missing character: There is no € in font cmss9!
Missing character: There is no ¦ in font cmss9!

./wl_hh_benford.vrb:16: Extra }, or forgotten \endgroup.
l.16 ... Outsourced the Burden of Verification}'}}
                                                  
I've deleted a group-closing symbol because it seems to be
spurious, as in `$x}$'. But perhaps the } is legitimate and
you forgot something else, as in `\hbox{$x}'. In such cases
the way to recover is to insert both the forgotten and the
deleted material, e.g., by typing `I$}'.

) [6

] (./wl_hh_benford.vrb
Missing character: There is no â in font cmss9!
Missing character: There is no € in font cmss9!
Missing character: There is no ™ in font cmss9!
Missing character: There is no â in font cmss9!
Missing character: There is no € in font cmss9!
Missing character: There is no ¦ in font cmss9!

./wl_hh_benford.vrb:16: Extra }, or forgotten \endgroup.
l.16 ... Outsourced the Burden of Verification}'}}
                                                  
I've deleted a group-closing symbol because it seems to be
spurious, as in `$x}$'. But perhaps the } is legitimate and
you forgot something else, as in `\hbox{$x}'. In such cases
the way to recover is to insert both the forgotten and the
deleted material, e.g., by typing `I$}'.

) [7

]
\openout3 = `wl_hh_benford.vrb'.

 (./wl_hh_benford.vrb
<images/BinDistApprox_large.png, id=85, 449.68pt x 429.15889pt>
File: images/BinDistApprox_large.png Graphic file (type png)

<use images/BinDistApprox_large.png>) [8

 <./images/BinDistApprox_large.png>]
(./wl_hh_benford.vrb
File: images/BinDistApprox_large.png Graphic file (type png)
 <use images/BinDistApprox_large.png>) [9

]
(./wl_hh_benford.vrb
File: images/BinDistApprox_large.png Graphic file (type png)
 <use images/BinDistApprox_large.png>) [10

]
(./wl_hh_benford.vrb
File: images/BinDistApprox_large.png Graphic file (type png)
 <use images/BinDistApprox_large.png>) [11

]
\openout3 = `wl_hh_benford.vrb'.


(./wl_hh_benford.vrb
<images/Benfords_law_illustrated_by_world's_countries_population.png, id=121, 4
26.59375pt x 263.98625pt>
File: images/Benfords_law_illustrated_by_world's_countries_population.png Graph
ic file (type png)

<use images/Benfords_law_illustrated_by_world's_countries_population.png>
Overfull \hbox (19.34972pt too wide) in paragraph at lines 6--7
[][][][][][]  
 []

) [12

 <./images/Benfords_law_illustrated_by_world's_countries_population.png>]
(./wl_hh_benford.vrb
File: images/Benfords_law_illustrated_by_world's_countries_population.png Graph
ic file (type png)

<use images/Benfords_law_illustrated_by_world's_countries_population.png>
Overfull \hbox (19.34972pt too wide) in paragraph at lines 6--7
[][][][][][][][]  
 []

) [13

] (./wl_hh_benford.vrb
File: images/Benfords_law_illustrated_by_world's_countries_population.png Graph
ic file (type png)

<use images/Benfords_law_illustrated_by_world's_countries_population.png>
Overfull \hbox (19.34972pt too wide) in paragraph at lines 6--7
[][][][][][][][]  
 []

) [14

] (./wl_hh_benford.vrb
File: images/Benfords_law_illustrated_by_world's_countries_population.png Graph
ic file (type png)

<use images/Benfords_law_illustrated_by_world's_countries_population.png>
Overfull \hbox (19.34972pt too wide) in paragraph at lines 6--7
[][][][][][][][]  
 []

) [15

]
\openout3 = `wl_hh_benford.vrb'.

 (./wl_hh_benford.vrb
<images/r_code1.png, id=168, 751.80875pt x 364.36125pt>
File: images/r_code1.png Graphic file (type png)

<use images/r_code1.png>
Overfull \hbox (15.93243pt too wide) in paragraph at lines 3--5
[][][][]  
 []


./wl_hh_benford.vrb:8: LaTeX Error: There's no line here to end.

See the LaTeX manual or LaTeX Companion for explanation.
Type  H <return>  for immediate help.
 ...                                              
                                                  
l.8 ...3>{\alert{\textbf{\Huge{$\leftarrow$}}}} \\
                                                  
Your command was ignored.
Type  I <command> <return>  to replace it with another command,
or  <return>  to continue without it.

./wl_hh_benford.vrb:14: Misplaced \noalign.
\hline ->\noalign 
                  {\ifnum 0=`}\fi \let \hskip \vskip \let \vrule \hrule \let...
l.14     \hline
               
I expect to see \noalign only after the \cr of
an alignment. Proceed, and I'll ignore this case.

<images/r_code2.png, id=169, 192.72pt x 172.645pt>
File: images/r_code2.png Graphic file (type png)
 <use images/r_code2.png>
<images/r_code2_5.png, id=170, 192.72pt x 178.6675pt>
File: images/r_code2_5.png Graphic file (type png)

<use images/r_code2_5.png>
<images/r_code3.png, id=171, 152.57pt x 243.91125pt>
File: images/r_code3.png Graphic file (type png)
 <use images/r_code3.png>)
[16

 <./images/r_code1.png (PNG copy)> <./images/r_code2.png> <./images/r_code2_5.p
ng> <./images/r_code3.png (PNG copy)>] (./wl_hh_benford.vrb
File: images/r_code1.png Graphic file (type png)

<use images/r_code1.png>
Overfull \hbox (15.93243pt too wide) in paragraph at lines 3--5
[][][][]  
 []


./wl_hh_benford.vrb:8: LaTeX Error: There's no line here to end.

See the LaTeX manual or LaTeX Companion for explanation.
Type  H <return>  for immediate help.
 ...                                              
                                                  
l.8 ...3>{\alert{\textbf{\Huge{$\leftarrow$}}}} \\
                                                  
Your command was ignored.
Type  I <command> <return>  to replace it with another command,
or  <return>  to continue without it.

./wl_hh_benford.vrb:14: Misplaced \noalign.
\hline ->\noalign 
                  {\ifnum 0=`}\fi \let \hskip \vskip \let \vrule \hrule \let...
l.14     \hline
               
I expect to see \noalign only after the \cr of
an alignment. Proceed, and I'll ignore this case.

File: images/r_code2.png Graphic file (type png)
<use images/r_code2.png>
File: images/r_code2_5.png Graphic file (type png)
 <use images/r_code2_5.png>
File: images/r_code3.png Graphic file (type png)
 <use images/r_code3.png>)
[17

] (./wl_hh_benford.vrb
File: images/r_code1.png Graphic file (type png)
 <use images/r_code1.png>
Overfull \hbox (15.93243pt too wide) in paragraph at lines 3--5
[][][][]  
 []

./wl_hh_benford.vrb:14: Misplaced \noalign.
\hline ->\noalign 
                  {\ifnum 0=`}\fi \let \hskip \vskip \let \vrule \hrule \let...
l.14     \hline
               
I expect to see \noalign only after the \cr of
an alignment. Proceed, and I'll ignore this case.

File: images/r_code2.png Graphic file (type png)
<use images/r_code2.png>
File: images/r_code2_5.png Graphic file (type png)
 <use images/r_code2_5.png>
File: images/r_code3.png Graphic file (type png)
 <use images/r_code3.png>)
[18

] (./wl_hh_benford.vrb
File: images/r_code1.png Graphic file (type png)
 <use images/r_code1.png>
Overfull \hbox (15.93243pt too wide) in paragraph at lines 3--5
[][][][]  
 []


./wl_hh_benford.vrb:8: LaTeX Error: There's no line here to end.

See the LaTeX manual or LaTeX Companion for explanation.
Type  H <return>  for immediate help.
 ...                                              
                                                  
l.8 ...3>{\alert{\textbf{\Huge{$\leftarrow$}}}} \\
                                                  
Your command was ignored.
Type  I <command> <return>  to replace it with another command,
or  <return>  to continue without it.

./wl_hh_benford.vrb:14: Misplaced \noalign.
\hline ->\noalign 
                  {\ifnum 0=`}\fi \let \hskip \vskip \let \vrule \hrule \let...
l.14     \hline
               
I expect to see \noalign only after the \cr of
an alignment. Proceed, and I'll ignore this case.

File: images/r_code2.png Graphic file (type png)
<use images/r_code2.png>
File: images/r_code2_5.png Graphic file (type png)
 <use images/r_code2_5.png>
File: images/r_code3.png Graphic file (type png)
 <use images/r_code3.png>)
[19

]
\openout3 = `wl_hh_benford.vrb'.

 (./wl_hh_benford.vrb
<images/benford_all.png, id=204, 1003.75pt x 803.0pt>
File: images/benford_all.png Graphic file (type png)

<use images/benford_all.png>
Overfull \hbox (26.74646pt too wide) in paragraph at lines 3--5
[][][][]  
 []

./wl_hh_benford.vrb:13: Extra }, or forgotten \endgroup.
l.13 ...from Benford-like data generating process}
                                                  
I've deleted a group-closing symbol because it seems to be
spurious, as in `$x}$'. But perhaps the } is legitimate and
you forgot something else, as in `\hbox{$x}'. In such cases
the way to recover is to insert both the forgotten and the
deleted material, e.g., by typing `I$}'.

) [20

 <./images/benford_all.png>]
\openout3 = `wl_hh_benford.vrb'.

 (./wl_hh_benford.vrb
<images/benford_region.png, id=214, 1405.25pt x 1003.75pt>
File: images/benford_region.png Graphic file (type png)

<use images/benford_region.png>) [21

 <./images/benford_region.png>]
\tf@nav=\write7
\openout7 = `wl_hh_benford.nav'.

\tf@toc=\write8
\openout8 = `wl_hh_benford.toc'.

\tf@snm=\write9
\openout9 = `wl_hh_benford.snm'.


(./wl_hh_benford.aux)

LaTeX Font Warning: Size substitutions with differences
(Font)              up to 1.0pt have occurred.

 ) 
Here is how much of TeX's memory you used:
 10176 strings out of 94073
 182576 string characters out of 1163506
 2294955 words of memory out of 4746151
 13037 multiletter control sequences out of 10000+50000
 16590 words of font info for 63 fonts, out of 2000000 for 2000
 645 hyphenation exceptions out of 5000
 41i,37n,56p,469b,727s stack positions out of 5000i,500n,6000p,200000b,50000s
</usr/local/gwTeX/texmf.texlive/fonts/type1/bluesky/cm/cmmi9.pfb></usr/local/
gwTeX/texmf.texlive/fonts/type1/bluesky/cm/cmss10.pfb></usr/local/gwTeX/texmf.t
exlive/fonts/type1/bluesky/cm/cmss8.pfb></usr/local/gwTeX/texmf.texlive/fonts/t
ype1/bluesky/cm/cmss9.pfb></usr/local/gwTeX/texmf.texlive/fonts/type1/bluesky/c
m/cmssbx10.pfb></usr/local/gwTeX/texmf.texlive/fonts/type1/bluesky/cm/cmssi8.pf
b></usr/local/gwTeX/texmf.texlive/fonts/type1/bluesky/cm/cmssi9.pfb></usr/local
/gwTeX/texmf.texlive/fonts/type1/bluesky/cm/cmsy10.pfb></usr/local/gwTeX/texmf.
texlive/fonts/type1/bluesky/cm/cmtt8.pfb></usr/local/gwTeX/texmf.texlive/fonts/
type1/bluesky/ams/msam7.pfb></usr/local/gwTeX/texmf.texlive/fonts/type1/public/
wasy/wasy9.pfb>
Output written on wl_hh_benford.pdf (21 pages, 948769 bytes).
PDF statistics:
 271 PDF objects out of 1000 (max. 8388607)
 44 named destinations out of 1000 (max. 131072)
 96 words of extra memory for PDF output out of 10000 (max. 10000000)

